{"/Users/ravikishan/Desktop/internship/guessTheNumbercopy/src/cjs.test.js":{"path":"/Users/ravikishan/Desktop/internship/guessTheNumbercopy/src/cjs.test.js","s":{"1":1,"2":1,"3":1,"4":1,"5":1,"6":1},"b":{},"f":{},"fnMap":{},"statementMap":{"1":{"start":{"line":1,"column":0},"end":{"line":1,"column":36}},"2":{"start":{"line":6,"column":0},"end":{"line":17,"column":3}},"3":{"start":{"line":9,"column":1},"end":{"line":12,"column":7}},"4":{"start":{"line":11,"column":8},"end":{"line":11,"column":36}},"5":{"start":{"line":13,"column":1},"end":{"line":16,"column":7}},"6":{"start":{"line":14,"column":4},"end":{"line":14,"column":32}}},"branchMap":{}}}